<?xml version="1.0" encoding="UTF-8"?>
<testng-results ignored="0" total="1" passed="1" failed="0" skipped="0">
  <reporter-output>
  </reporter-output>
  <suite started-at="2024-05-25T19:03:09 IST" name="Default suite" finished-at="2024-05-25T19:03:42 IST" duration-ms="32430">
    <groups>
    </groups>
    <test started-at="2024-05-25T19:03:09 IST" name="Default test" finished-at="2024-05-25T19:03:42 IST" duration-ms="32430">
      <class name="com.wingify.tests.HomePageTest">
        <test-method is-config="true" signature="setUp()[pri:0, instance:com.wingify.tests.HomePageTest@4cc451f2]" started-at="2024-05-25T19:03:09 IST" name="setUp" finished-at="2024-05-25T19:03:32 IST" duration-ms="22701" status="PASS">
          <reporter-output>
          </reporter-output>
        </test-method> <!-- setUp -->
        <test-method signature="testAmountSorting()[pri:0, instance:com.wingify.tests.HomePageTest@4cc451f2]" started-at="2024-05-25T19:03:32 IST" name="testAmountSorting" finished-at="2024-05-25T19:03:38 IST" duration-ms="5744" status="PASS">
          <reporter-output>
          </reporter-output>
        </test-method> <!-- testAmountSorting -->
        <test-method is-config="true" signature="tearDown()[pri:0, instance:com.wingify.tests.HomePageTest@4cc451f2]" started-at="2024-05-25T19:03:38 IST" name="tearDown" finished-at="2024-05-25T19:03:42 IST" duration-ms="3705" status="PASS">
          <reporter-output>
          </reporter-output>
        </test-method> <!-- tearDown -->
      </class> <!-- com.wingify.tests.HomePageTest -->
    </test> <!-- Default test -->
  </suite> <!-- Default suite -->
</testng-results>
